<?xml version="1.0" encoding="UTF-8"?>
<testsuite name="lang.TestCodeGeneration" tests="8" skipped="0" failures="0" errors="0" timestamp="2022-10-16T14:42:25" hostname="COMFY" time="0.14">
  <properties/>
  <testcase name="runTest[neg1.in]" classname="lang.TestCodeGeneration" time="0.061"/>
  <testcase name="runTest[div2.in]" classname="lang.TestCodeGeneration" time="0.012"/>
  <testcase name="runTest[mul1.in]" classname="lang.TestCodeGeneration" time="0.012"/>
  <testcase name="runTest[div3.in]" classname="lang.TestCodeGeneration" time="0.01"/>
  <testcase name="runTest[div1.in]" classname="lang.TestCodeGeneration" time="0.011"/>
  <testcase name="runTest[mul2.in]" classname="lang.TestCodeGeneration" time="0.011"/>
  <testcase name="runTest[nesting1.in]" classname="lang.TestCodeGeneration" time="0.011"/>
  <testcase name="runTest[nesting2.in]" classname="lang.TestCodeGeneration" time="0.011"/>
  <system-out><![CDATA[]]></system-out>
  <system-err><![CDATA[]]></system-err>
</testsuite>
