<?xml version="1.0" encoding="UTF-8"?>
<testsuite name="lang.ParseTests" tests="1" skipped="0" failures="0" errors="0" timestamp="2021-09-15T14:14:14" hostname="DESKTOP-IN52LOL" time="0.016">
  <properties/>
  <testcase name="test1" classname="lang.ParseTests" time="0.016"/>
  <system-out><![CDATA[]]></system-out>
  <system-err><![CDATA[]]></system-err>
</testsuite>
