<?xml version="1.0" encoding="UTF-8"?>
<testsuite name="lang.PrettyPrintTest" tests="1" skipped="0" failures="1" errors="0" timestamp="2021-10-05T18:00:43" hostname="DESKTOP-IN52LOL" time="0.03">
  <properties/>
  <testcase name="runTest[pretty_01.in]" classname="lang.PrettyPrintTest" time="0.03">
    <failure message="org.junit.ComparisonFailure: Output differs. expected:&lt;...main(int a, int b) {[&#13;&#10;    if (a != b) {&#13;&#10;        while (a &lt; b) {&#13;&#10;            a = a + 1;&#13;&#10;            print();&#13;&#10;        }&#13;&#10;        return a * 10;&#13;&#10;    }&#13;&#10;    else {&#13;&#10;        int c = 10 + max(a, b + 10);&#13;&#10;    }&#13;&#10;}&#13;&#10;int print() {&#13;&#10;    return 0;&#13;&#10;}&#13;&#10;int max(int first, int second) {&#13;&#10;    if (first &gt; second) {&#13;&#10;        return first;&#13;&#10;    }&#13;&#10;    else {&#13;&#10;        return second;&#13;&#10;    }&#13;]&#10;}&gt; but was:&lt;...main(int a, int b) {[&#10;    if (a != b) {&#10;        while (a &lt; b) {&#10;            a = a + 1;&#10;            print();&#10;        }&#10;        return a * 10;&#10;    }&#10;    else {&#10;        int c = 10 + max(a, b + 10);&#10;    }&#10;}&#10;int print() {&#10;    return 0;&#10;}&#10;int max(int first, int second) {&#10;    if (first &gt; second) {&#10;        return first;&#10;    }&#10;    else {&#10;        return second;&#10;    }]&#10;}&gt;" type="org.junit.ComparisonFailure">org.junit.ComparisonFailure: Output differs. expected:&lt;...main(int a, int b) {[
    if (a != b) {
        while (a &lt; b) {
            a = a + 1;
            print();
        }
        return a * 10;
    }
    else {
        int c = 10 + max(a, b + 10);
    }
}
int print() {
    return 0;
}
int max(int first, int second) {
    if (first &gt; second) {
        return first;
    }
    else {
        return second;
    }]
}&gt; but was:&lt;...main(int a, int b) {[
    if (a != b) {
        while (a &lt; b) {
            a = a + 1;
            print();
        }
        return a * 10;
    }
    else {
        int c = 10 + max(a, b + 10);
    }
}
int print() {
    return 0;
}
int max(int first, int second) {
    if (first &gt; second) {
        return first;
    }
    else {
        return second;
    }]
}&gt;
	at org.junit.Assert.assertEquals(Assert.java:117)
	at lang.Util.compareOutput(Util.java:53)
	at lang.PrettyPrintTest.runTest(PrettyPrintTest.java:34)
	at java.base/jdk.internal.reflect.NativeMethodAccessorImpl.invoke0(Native Method)
	at java.base/jdk.internal.reflect.NativeMethodAccessorImpl.invoke(NativeMethodAccessorImpl.java:62)
	at java.base/jdk.internal.reflect.DelegatingMethodAccessorImpl.invoke(DelegatingMethodAccessorImpl.java:43)
	at java.base/java.lang.reflect.Method.invoke(Method.java:566)
	at org.junit.runners.model.FrameworkMethod$1.runReflectiveCall(FrameworkMethod.java:59)
	at org.junit.internal.runners.model.ReflectiveCallable.run(ReflectiveCallable.java:12)
	at org.junit.runners.model.FrameworkMethod.invokeExplosively(FrameworkMethod.java:56)
	at org.junit.internal.runners.statements.InvokeMethod.evaluate(InvokeMethod.java:17)
	at org.junit.runners.ParentRunner$3.evaluate(ParentRunner.java:306)
	at org.junit.runners.BlockJUnit4ClassRunner$1.evaluate(BlockJUnit4ClassRunner.java:100)
	at org.junit.runners.ParentRunner.runLeaf(ParentRunner.java:366)
	at org.junit.runners.BlockJUnit4ClassRunner.runChild(BlockJUnit4ClassRunner.java:103)
	at org.junit.runners.BlockJUnit4ClassRunner.runChild(BlockJUnit4ClassRunner.java:63)
	at org.junit.runners.ParentRunner$4.run(ParentRunner.java:331)
	at org.junit.runners.ParentRunner$1.schedule(ParentRunner.java:79)
	at org.junit.runners.ParentRunner.runChildren(ParentRunner.java:329)
	at org.junit.runners.ParentRunner.access$100(ParentRunner.java:66)
	at org.junit.runners.ParentRunner$2.evaluate(ParentRunner.java:293)
	at org.junit.runners.ParentRunner.run(ParentRunner.java:413)
	at org.junit.runners.Suite.runChild(Suite.java:128)
	at org.junit.runners.Suite.runChild(Suite.java:27)
	at org.junit.runners.ParentRunner$4.run(ParentRunner.java:331)
	at org.junit.runners.ParentRunner$1.schedule(ParentRunner.java:79)
	at org.junit.runners.ParentRunner.runChildren(ParentRunner.java:329)
	at org.junit.runners.ParentRunner.access$100(ParentRunner.java:66)
	at org.junit.runners.ParentRunner$2.evaluate(ParentRunner.java:293)
	at org.junit.runners.ParentRunner$3.evaluate(ParentRunner.java:306)
	at org.junit.runners.ParentRunner.run(ParentRunner.java:413)
	at org.gradle.api.internal.tasks.testing.junit.JUnitTestClassExecutor.runTestClass(JUnitTestClassExecutor.java:110)
	at org.gradle.api.internal.tasks.testing.junit.JUnitTestClassExecutor.execute(JUnitTestClassExecutor.java:58)
	at org.gradle.api.internal.tasks.testing.junit.JUnitTestClassExecutor.execute(JUnitTestClassExecutor.java:38)
	at org.gradle.api.internal.tasks.testing.junit.AbstractJUnitTestClassProcessor.processTestClass(AbstractJUnitTestClassProcessor.java:62)
	at org.gradle.api.internal.tasks.testing.SuiteTestClassProcessor.processTestClass(SuiteTestClassProcessor.java:51)
	at java.base/jdk.internal.reflect.NativeMethodAccessorImpl.invoke0(Native Method)
	at java.base/jdk.internal.reflect.NativeMethodAccessorImpl.invoke(NativeMethodAccessorImpl.java:62)
	at java.base/jdk.internal.reflect.DelegatingMethodAccessorImpl.invoke(DelegatingMethodAccessorImpl.java:43)
	at java.base/java.lang.reflect.Method.invoke(Method.java:566)
	at org.gradle.internal.dispatch.ReflectionDispatch.dispatch(ReflectionDispatch.java:36)
	at org.gradle.internal.dispatch.ReflectionDispatch.dispatch(ReflectionDispatch.java:24)
	at org.gradle.internal.dispatch.ContextClassLoaderDispatch.dispatch(ContextClassLoaderDispatch.java:33)
	at org.gradle.internal.dispatch.ProxyDispatchAdapter$DispatchingInvocationHandler.invoke(ProxyDispatchAdapter.java:94)
	at com.sun.proxy.$Proxy2.processTestClass(Unknown Source)
	at org.gradle.api.internal.tasks.testing.worker.TestWorker$2.run(TestWorker.java:176)
	at org.gradle.api.internal.tasks.testing.worker.TestWorker.executeAndMaintainThreadName(TestWorker.java:129)
	at org.gradle.api.internal.tasks.testing.worker.TestWorker.execute(TestWorker.java:100)
	at org.gradle.api.internal.tasks.testing.worker.TestWorker.execute(TestWorker.java:60)
	at org.gradle.process.internal.worker.child.ActionExecutionWorker.execute(ActionExecutionWorker.java:56)
	at org.gradle.process.internal.worker.child.SystemApplicationClassLoaderWorker.call(SystemApplicationClassLoaderWorker.java:133)
	at org.gradle.process.internal.worker.child.SystemApplicationClassLoaderWorker.call(SystemApplicationClassLoaderWorker.java:71)
	at worker.org.gradle.process.internal.worker.GradleWorkerMain.run(GradleWorkerMain.java:69)
	at worker.org.gradle.process.internal.worker.GradleWorkerMain.main(GradleWorkerMain.java:74)
</failure>
  </testcase>
  <system-out><![CDATA[]]></system-out>
  <system-err><![CDATA[]]></system-err>
</testsuite>
