<?xml version="1.0" encoding="UTF-8"?>
<testsuite name="lang.ParseTests" tests="9" skipped="0" failures="0" errors="0" timestamp="2021-09-20T18:07:12" hostname="COMFY" time="0.035">
  <properties/>
  <testcase name="test3_div" classname="lang.ParseTests" time="0.028"/>
  <testcase name="test3_mod" classname="lang.ParseTests" time="0.001"/>
  <testcase name="test3_minus" classname="lang.ParseTests" time="0.001"/>
  <testcase name="test3_complex" classname="lang.ParseTests" time="0.0"/>
  <testcase name="test1" classname="lang.ParseTests" time="0.0"/>
  <testcase name="test2" classname="lang.ParseTests" time="0.001"/>
  <testcase name="test3_mult" classname="lang.ParseTests" time="0.0"/>
  <testcase name="test3_plus" classname="lang.ParseTests" time="0.001"/>
  <testcase name="test3_boolean_ops" classname="lang.ParseTests" time="0.001"/>
  <system-out><![CDATA[]]></system-out>
  <system-err><![CDATA[]]></system-err>
</testsuite>
