<?xml version="1.0" encoding="UTF-8"?>
<testsuite name="lang.TestDumpTree" tests="2" skipped="0" failures="0" errors="0" timestamp="2021-09-16T07:52:48" hostname="COMFY" time="0.076">
  <properties/>
  <testcase name="runTest[step2.in]" classname="lang.TestDumpTree" time="0.072"/>
  <testcase name="runTest[step1.in]" classname="lang.TestDumpTree" time="0.003"/>
  <system-out><![CDATA[]]></system-out>
  <system-err><![CDATA[]]></system-err>
</testsuite>
