<?xml version="1.0" encoding="UTF-8"?>
<testsuite name="lang.ParseTests" tests="2" skipped="0" failures="0" errors="0" timestamp="2021-09-16T07:52:48" hostname="COMFY" time="0.024">
  <properties/>
  <testcase name="test1" classname="lang.ParseTests" time="0.022"/>
  <testcase name="test2" classname="lang.ParseTests" time="0.001"/>
  <system-out><![CDATA[]]></system-out>
  <system-err><![CDATA[]]></system-err>
</testsuite>
