<?xml version="1.0" encoding="UTF-8"?>
<testsuite name="lang.VisitorTest" tests="3" skipped="0" failures="0" errors="0" timestamp="2021-10-05T18:00:43" hostname="DESKTOP-IN52LOL" time="0.005">
  <properties/>
  <testcase name="msn_01" classname="lang.VisitorTest" time="0.002"/>
  <testcase name="msn_02" classname="lang.VisitorTest" time="0.002"/>
  <testcase name="msn_03" classname="lang.VisitorTest" time="0.001"/>
  <system-out><![CDATA[]]></system-out>
  <system-err><![CDATA[]]></system-err>
</testsuite>
