<?xml version="1.0" encoding="UTF-8"?>
<testsuite name="lang.TestDumpTree" tests="9" skipped="0" failures="0" errors="0" timestamp="2021-09-30T14:49:52" hostname="DESKTOP-IN52LOL" time="0.107">
  <properties/>
  <testcase name="runTest[step4_call.in]" classname="lang.TestDumpTree" time="0.041"/>
  <testcase name="runTest[step4_function_use.in]" classname="lang.TestDumpTree" time="0.014"/>
  <testcase name="runTest[step4_iddeclassign.in]" classname="lang.TestDumpTree" time="0.005"/>
  <testcase name="runTest[step4_ifelse.in]" classname="lang.TestDumpTree" time="0.01"/>
  <testcase name="runTest[step4_params.in]" classname="lang.TestDumpTree" time="0.005"/>
  <testcase name="runTest[step4_sample1.in]" classname="lang.TestDumpTree" time="0.01"/>
  <testcase name="runTest[step4_sample2.in]" classname="lang.TestDumpTree" time="0.007"/>
  <testcase name="runTest[step4_sample3.in]" classname="lang.TestDumpTree" time="0.009"/>
  <testcase name="runTest[step4_while.in]" classname="lang.TestDumpTree" time="0.004"/>
  <system-out><![CDATA[]]></system-out>
  <system-err><![CDATA[]]></system-err>
</testsuite>
