<?xml version="1.0" encoding="UTF-8"?>
<testsuite name="lang.TestCallGraph" tests="2" skipped="0" failures="0" errors="0" timestamp="2022-10-17T14:42:04" hostname="COMFY" time="0.048">
  <properties/>
  <testcase name="runTest[fac.in]" classname="lang.TestCallGraph" time="0.045"/>
  <testcase name="runTest[gcd.in]" classname="lang.TestCallGraph" time="0.002"/>
  <system-out><![CDATA[]]></system-out>
  <system-err><![CDATA[]]></system-err>
</testsuite>
