<?xml version="1.0" encoding="UTF-8"?>
<testsuite name="lang.TestCodeGeneration" tests="10" skipped="0" failures="0" errors="0" timestamp="2022-10-18T11:56:29" hostname="COMFY" time="0.123">
  <properties/>
  <testcase name="runTest[while.in]" classname="lang.TestCodeGeneration" time="0.021"/>
  <testcase name="runTest[print.in]" classname="lang.TestCodeGeneration" time="0.012"/>
  <testcase name="runTest[test_1.in]" classname="lang.TestCodeGeneration" time="0.011"/>
  <testcase name="runTest[param.in]" classname="lang.TestCodeGeneration" time="0.011"/>
  <testcase name="runTest[boolean.in]" classname="lang.TestCodeGeneration" time="0.011"/>
  <testcase name="runTest[noparam.in]" classname="lang.TestCodeGeneration" time="0.011"/>
  <testcase name="runTest[main.in]" classname="lang.TestCodeGeneration" time="0.011"/>
  <testcase name="runTest[expr.in]" classname="lang.TestCodeGeneration" time="0.013"/>
  <testcase name="runTest[test_2.in]" classname="lang.TestCodeGeneration" time="0.01"/>
  <testcase name="runTest[variables.in]" classname="lang.TestCodeGeneration" time="0.011"/>
  <system-out><![CDATA[]]></system-out>
  <system-err><![CDATA[]]></system-err>
</testsuite>
