<?xml version="1.0" encoding="UTF-8"?>
<testsuite name="lang.TestCallGraph" tests="2" skipped="0" failures="0" errors="0" timestamp="2022-10-16T15:34:16" hostname="COMFY" time="0.044">
  <properties/>
  <testcase name="runTest[fac.in]" classname="lang.TestCallGraph" time="0.039"/>
  <testcase name="runTest[gcd.in]" classname="lang.TestCallGraph" time="0.004"/>
  <system-out><![CDATA[]]></system-out>
  <system-err><![CDATA[]]></system-err>
</testsuite>
