<?xml version="1.0" encoding="UTF-8"?>
<testsuite name="lang.TestNameAnalysis" tests="8" skipped="0" failures="0" errors="0" timestamp="2021-10-15T14:18:23" hostname="COMFY" time="0.009">
  <properties/>
  <testcase name="runTest[step4_sample2.in]" classname="lang.TestNameAnalysis" time="0.001"/>
  <testcase name="runTest[duplicatedeclare.in]" classname="lang.TestNameAnalysis" time="0.002"/>
  <testcase name="runTest[001.in]" classname="lang.TestNameAnalysis" time="0.001"/>
  <testcase name="runTest[step4_sample1.in]" classname="lang.TestNameAnalysis" time="0.001"/>
  <testcase name="runTest[wrong.in]" classname="lang.TestNameAnalysis" time="0.001"/>
  <testcase name="runTest[fromgrader.in]" classname="lang.TestNameAnalysis" time="0.001"/>
  <testcase name="runTest[shadowing.in]" classname="lang.TestNameAnalysis" time="0.001"/>
  <testcase name="runTest[step4_sample3.in]" classname="lang.TestNameAnalysis" time="0.001"/>
  <system-out><![CDATA[]]></system-out>
  <system-err><![CDATA[]]></system-err>
</testsuite>
