<?xml version="1.0" encoding="UTF-8"?>
<testsuite name="lang.PrettyPrintTest" tests="1" skipped="0" failures="0" errors="0" timestamp="2022-10-03T15:10:55" hostname="COMFY" time="0.005">
  <properties/>
  <testcase name="runTest[pretty_01.in]" classname="lang.PrettyPrintTest" time="0.005"/>
  <system-out><![CDATA[]]></system-out>
  <system-err><![CDATA[]]></system-err>
</testsuite>
