<?xml version="1.0" encoding="UTF-8"?>
<testsuite name="lang.TestInterpreter" tests="4" skipped="0" failures="0" errors="0" timestamp="2022-09-30T20:30:37" hostname="COMFY" time="0.078">
  <properties/>
  <testcase name="runTest[print.in]" classname="lang.TestInterpreter" time="0.01"/>
  <testcase name="runTest[boolean.in]" classname="lang.TestInterpreter" time="0.03"/>
  <testcase name="runTest[variable.in]" classname="lang.TestInterpreter" time="0.023"/>
  <testcase name="runTest[uninitialized.in]" classname="lang.TestInterpreter" time="0.013"/>
  <system-out><![CDATA[]]></system-out>
  <system-err><![CDATA[]]></system-err>
</testsuite>
