<?xml version="1.0" encoding="UTF-8"?>
<testsuite name="lang.ParseTests" tests="20" skipped="0" failures="0" errors="0" timestamp="2022-09-29T11:25:25" hostname="COMFY" time="0.029">
  <properties/>
  <testcase name="test4_ifelse" classname="lang.ParseTests" time="0.013"/>
  <testcase name="test4_params" classname="lang.ParseTests" time="0.0"/>
  <testcase name="test4_return" classname="lang.ParseTests" time="0.003"/>
  <testcase name="test3_div" classname="lang.ParseTests" time="0.001"/>
  <testcase name="test3_mod" classname="lang.ParseTests" time="0.001"/>
  <testcase name="test3_minus" classname="lang.ParseTests" time="0.0"/>
  <testcase name="test4_iddeclassign" classname="lang.ParseTests" time="0.002"/>
  <testcase name="test4_sample1" classname="lang.ParseTests" time="0.001"/>
  <testcase name="test4_sample2" classname="lang.ParseTests" time="0.001"/>
  <testcase name="test4_sample3" classname="lang.ParseTests" time="0.0"/>
  <testcase name="test4_while" classname="lang.ParseTests" time="0.001"/>
  <testcase name="test3_complex" classname="lang.ParseTests" time="0.0"/>
  <testcase name="test1" classname="lang.ParseTests" time="0.001"/>
  <testcase name="test2" classname="lang.ParseTests" time="0.0"/>
  <testcase name="test0_empty" classname="lang.ParseTests" time="0.001"/>
  <testcase name="test3_mult" classname="lang.ParseTests" time="0.0"/>
  <testcase name="test3_plus" classname="lang.ParseTests" time="0.0"/>
  <testcase name="test4_call" classname="lang.ParseTests" time="0.0"/>
  <testcase name="test3_boolean_ops" classname="lang.ParseTests" time="0.0"/>
  <testcase name="test4_function_use" classname="lang.ParseTests" time="0.0"/>
  <system-out><![CDATA[]]></system-out>
  <system-err><![CDATA[]]></system-err>
</testsuite>
