<?xml version="1.0" encoding="UTF-8"?>
<testsuite name="lang.TestNameAnalysis" tests="11" skipped="0" failures="0" errors="0" timestamp="2022-10-06T08:16:18" hostname="COMFY" time="0.059">
  <properties/>
  <testcase name="runTest[fromauto2.in]" classname="lang.TestNameAnalysis" time="0.039"/>
  <testcase name="runTest[fromgrader.in]" classname="lang.TestNameAnalysis" time="0.006"/>
  <testcase name="runTest[predefined_functions.in]" classname="lang.TestNameAnalysis" time="0.004"/>
  <testcase name="runTest[duplicatedeclare.in]" classname="lang.TestNameAnalysis" time="0.001"/>
  <testcase name="runTest[001.in]" classname="lang.TestNameAnalysis" time="0.001"/>
  <testcase name="runTest[wrong.in]" classname="lang.TestNameAnalysis" time="0.001"/>
  <testcase name="runTest[step4_sample3.in]" classname="lang.TestNameAnalysis" time="0.002"/>
  <testcase name="runTest[fromauto.in]" classname="lang.TestNameAnalysis" time="0.002"/>
  <testcase name="runTest[step4_sample2.in]" classname="lang.TestNameAnalysis" time="0.001"/>
  <testcase name="runTest[shadowing.in]" classname="lang.TestNameAnalysis" time="0.001"/>
  <testcase name="runTest[step4_sample1.in]" classname="lang.TestNameAnalysis" time="0.001"/>
  <system-out><![CDATA[]]></system-out>
  <system-err><![CDATA[]]></system-err>
</testsuite>
