<?xml version="1.0" encoding="UTF-8"?>
<testsuite name="lang.TestNameAnalysis" tests="9" skipped="0" failures="0" errors="0" timestamp="2021-09-30T14:39:27" hostname="DESKTOP-IN52LOL" time="0.032">
  <properties/>
  <testcase name="runTest[ok1.in]" classname="lang.TestNameAnalysis" time="0.002"/>
  <testcase name="runTest[ok2.in]" classname="lang.TestNameAnalysis" time="0.001"/>
  <testcase name="runTest[ok3.in]" classname="lang.TestNameAnalysis" time="0.001"/>
  <testcase name="runTest[redeclared1.in]" classname="lang.TestNameAnalysis" time="0.008"/>
  <testcase name="runTest[redeclared2.in]" classname="lang.TestNameAnalysis" time="0.001"/>
  <testcase name="runTest[undeclared1.in]" classname="lang.TestNameAnalysis" time="0.006"/>
  <testcase name="runTest[undeclared2.in]" classname="lang.TestNameAnalysis" time="0.003"/>
  <testcase name="runTest[undeclared3.in]" classname="lang.TestNameAnalysis" time="0.003"/>
  <testcase name="runTest[undeclared4.in]" classname="lang.TestNameAnalysis" time="0.003"/>
  <system-out><![CDATA[]]></system-out>
  <system-err><![CDATA[]]></system-err>
</testsuite>
