<?xml version="1.0" encoding="UTF-8"?>
<testsuite name="lang.TestPrettyPrinting" tests="12" skipped="0" failures="0" errors="0" timestamp="2021-10-14T08:04:19" hostname="DESKTOP-IN52LOL" time="0.076">
  <properties/>
  <testcase name="runTest[ask1.in]" classname="lang.TestPrettyPrinting" time="0.007"/>
  <testcase name="runTest[ask2.in]" classname="lang.TestPrettyPrinting" time="0.006"/>
  <testcase name="runTest[ask3.in]" classname="lang.TestPrettyPrinting" time="0.003"/>
  <testcase name="runTest[ask4.in]" classname="lang.TestPrettyPrinting" time="0.006"/>
  <testcase name="runTest[example.in]" classname="lang.TestPrettyPrinting" time="0.007"/>
  <testcase name="runTest[example2.in]" classname="lang.TestPrettyPrinting" time="0.006"/>
  <testcase name="runTest[let.in]" classname="lang.TestPrettyPrinting" time="0.005"/>
  <testcase name="runTest[let1.in]" classname="lang.TestPrettyPrinting" time="0.007"/>
  <testcase name="runTest[let2.in]" classname="lang.TestPrettyPrinting" time="0.006"/>
  <testcase name="runTest[let3.in]" classname="lang.TestPrettyPrinting" time="0.01"/>
  <testcase name="runTest[let4.in]" classname="lang.TestPrettyPrinting" time="0.005"/>
  <testcase name="runTest[numerical.in]" classname="lang.TestPrettyPrinting" time="0.006"/>
  <system-out><![CDATA[]]></system-out>
  <system-err><![CDATA[]]></system-err>
</testsuite>
